Using pre-set license
Built from '2020.3/staging' branch; Version is '2020.3.30f1 (1fb1bf06830e) revision 2077119'; Using compiler version '192528614'; Build Type 'Release'
OS: 'Windows 10  (10.0.19044) 64bit Core' Language: 'es' Physical Memory: 7116 MB
BatchMode: 1, IsHumanControllingUs: 0, StartBugReporterOnCrash: 0, Is64bit: 1, IsPro: 0

COMMAND LINE ARGUMENTS:
C:\Program Files\Unity\Hub\Editor\2020.3.30f1\Editor\Unity.exe
-adb2
-batchMode
-noUpm
-name
AssetImportWorker0
-projectPath
C:/Work/Repos/Jam_AyT
-logFile
Logs/AssetImportWorker0.log
-srvPort
65071
Successfully changed project path to: C:/Work/Repos/Jam_AyT
C:/Work/Repos/Jam_AyT
Using Asset Import Pipeline V2.
Refreshing native plugins compatible for Editor in 75.41 ms, found 2 plugins.
Preloading 0 native plugins for Editor in 0.00 ms.
Initialize engine version: 2020.3.30f1 (1fb1bf06830e)
[Subsystems] Discovering subsystems at path C:/Program Files/Unity/Hub/Editor/2020.3.30f1/Editor/Data/Resources/UnitySubsystems
[Subsystems] Discovering subsystems at path C:/Work/Repos/Jam_AyT/Assets
GfxDevice: creating device client; threaded=0
Direct3D:
    Version:  Direct3D 11.0 [level 11.1]
    Renderer: NVIDIA GeForce GTX 1050 (ID=0x1c8d)
    Vendor:   
    VRAM:     4021 MB
    Driver:   27.21.14.6231
Initialize mono
Mono path[0] = 'C:/Program Files/Unity/Hub/Editor/2020.3.30f1/Editor/Data/Managed'
Mono path[1] = 'C:/Program Files/Unity/Hub/Editor/2020.3.30f1/Editor/Data/MonoBleedingEdge/lib/mono/unityjit'
Mono config path = 'C:/Program Files/Unity/Hub/Editor/2020.3.30f1/Editor/Data/MonoBleedingEdge/etc'
Using monoOptions --debugger-agent=transport=dt_socket,embedding=1,server=y,suspend=n,address=127.0.0.1:56380
Begin MonoManager ReloadAssembly
Registering precompiled unity dll's ...
Register platform support module: C:/Program Files/Unity/Hub/Editor/2020.3.30f1/Editor/Data/PlaybackEngines/MacStandaloneSupport/UnityEditor.OSXStandalone.Extensions.dll
Register platform support module: C:/Program Files/Unity/Hub/Editor/2020.3.30f1/Editor/Data/PlaybackEngines/WindowsStandaloneSupport/UnityEditor.WindowsStandalone.Extensions.dll
Registered in 0.006380 seconds.
Native extension for WindowsStandalone target not found
Native extension for OSXStandalone target not found
Refreshing native plugins compatible for Editor in 66.32 ms, found 2 plugins.
Preloading 0 native plugins for Editor in 0.00 ms.
Mono: successfully reloaded assembly
- Completed reload, in  1.539 seconds
Domain Reload Profiling:
	ReloadAssembly (1540ms)
		BeginReloadAssembly (171ms)
			ExecutionOrderSort (0ms)
			DisableScriptedObjects (0ms)
			BackupInstance (0ms)
			ReleaseScriptingObjects (0ms)
			CreateAndSetChildDomain (2ms)
		EndReloadAssembly (1176ms)
			LoadAssemblies (166ms)
			RebuildTransferFunctionScriptingTraits (0ms)
			SetupTypeCache (392ms)
			ReleaseScriptCaches (0ms)
			RebuildScriptCaches (59ms)
			SetupLoadedEditorAssemblies (470ms)
				LogAssemblyErrors (0ms)
				InitializePlatformSupportModulesInManaged (13ms)
				SetLoadedEditorAssemblies (0ms)
				RefreshPlugins (66ms)
				BeforeProcessingInitializeOnLoad (24ms)
				ProcessInitializeOnLoadAttributes (258ms)
				ProcessInitializeOnLoadMethodAttributes (108ms)
				AfterProcessingInitializeOnLoad (0ms)
				EditorAssembliesLoaded (1ms)
			ExecutionOrderSort2 (0ms)
			AwakeInstancesAfterBackupRestoration (0ms)
Platform modules already initialized, skipping
Registering precompiled user dll's ...
Registered in 0.009945 seconds.
Begin MonoManager ReloadAssembly
Native extension for WindowsStandalone target not found
Native extension for OSXStandalone target not found
Refreshing native plugins compatible for Editor in 0.50 ms, found 2 plugins.
Preloading 0 native plugins for Editor in 0.00 ms.
Mono: successfully reloaded assembly
- Completed reload, in  2.510 seconds
Domain Reload Profiling:
	ReloadAssembly (2512ms)
		BeginReloadAssembly (395ms)
			ExecutionOrderSort (0ms)
			DisableScriptedObjects (11ms)
			BackupInstance (0ms)
			ReleaseScriptingObjects (0ms)
			CreateAndSetChildDomain (40ms)
		EndReloadAssembly (1954ms)
			LoadAssemblies (257ms)
			RebuildTransferFunctionScriptingTraits (0ms)
			SetupTypeCache (691ms)
			ReleaseScriptCaches (1ms)
			RebuildScriptCaches (115ms)
			SetupLoadedEditorAssemblies (699ms)
				LogAssemblyErrors (0ms)
				InitializePlatformSupportModulesInManaged (11ms)
				SetLoadedEditorAssemblies (1ms)
				RefreshPlugins (1ms)
				BeforeProcessingInitializeOnLoad (140ms)
				ProcessInitializeOnLoadAttributes (511ms)
				ProcessInitializeOnLoadMethodAttributes (21ms)
				AfterProcessingInitializeOnLoad (14ms)
				EditorAssembliesLoaded (1ms)
			ExecutionOrderSort2 (0ms)
			AwakeInstancesAfterBackupRestoration (15ms)
Platform modules already initialized, skipping
========================================================================
Worker process is ready to serve import requests
Launched and connected shader compiler UnityShaderCompiler.exe after 0.12 seconds
Refreshing native plugins compatible for Editor in 1.15 ms, found 2 plugins.
Preloading 0 native plugins for Editor in 0.00 ms.
Unloading 1512 Unused Serialized files (Serialized files now loaded: 0)
System memory in use before: 69.1 MB.
System memory in use after: 69.2 MB.

Unloading 16 unused Assets to reduce memory usage. Loaded Objects now: 1947.
Total: 6.132700 ms (FindLiveObjects: 0.238400 ms CreateObjectMapping: 0.073500 ms MarkObjects: 5.652700 ms  DeleteObjects: 0.165200 ms)

AssetImportParameters requested are different than current active one (requested -> active):
  custom:framework-win-MediaFoundation: 216162199b28c13a410421893ffa2e32 -> 
  custom:video-decoder-ogg-theora: a1e56fd34408186e4bbccfd4996cb3dc -> 
  custom:container-muxer-webm: aa71ff27fc2769a1b78a27578f13a17b -> 
  custom:container-demuxer-webm: 4f35f7cbe854078d1ac9338744f61a02 -> 
  custom:container-demuxer-ogg: 62fdf1f143b41e24485cea50d1cbac27 -> 
  custom:video-encoder-webm-vp8: eb34c28f22e8b96e1ab97ce403110664 -> 
  custom:video-decoder-webm-vp8: 9c59270c3fd7afecdb556c50c9e8de78 -> 
  custom:audio-decoder-ogg-vorbis: bf7c407c2cedff20999df2af8eb42d56 -> 
  custom:audio-encoder-webm-vorbis: bf7c407c2cedff20999df2af8eb42d56 -> 
========================================================================
Received Import Request.
  path: Assets/DavidJalbert
  artifactKey: Guid(adce2143860914da78f58bd9a7277da1) Importer(815301076,1909f56bfc062723c751e8b465ee728b)
Start importing Assets/DavidJalbert using Guid(adce2143860914da78f58bd9a7277da1) Importer(815301076,1909f56bfc062723c751e8b465ee728b)  -> (artifact id: '96ff9bee7adbe7582442ec12e4b3d6f8') in 0.015853 seconds 
========================================================================
Received Import Request.
  Time since last request: 0.001173 seconds.
  path: Assets/DavidJalbert/TinyCarControllerAdvance/Scripts
  artifactKey: Guid(b23ed9731e572bf40aa647f916e9b0a4) Importer(815301076,1909f56bfc062723c751e8b465ee728b)
Start importing Assets/DavidJalbert/TinyCarControllerAdvance/Scripts using Guid(b23ed9731e572bf40aa647f916e9b0a4) Importer(815301076,1909f56bfc062723c751e8b465ee728b)  -> (artifact id: 'db8a7c3b411d1a429780707ae4669fc7') in 0.017302 seconds 
========================================================================
Received Import Request.
  Time since last request: 0.000334 seconds.
  path: Assets/DavidJalbert/TinyCarControllerAdvance
  artifactKey: Guid(ce808d04422474e4296d4a850e5fec20) Importer(815301076,1909f56bfc062723c751e8b465ee728b)
Start importing Assets/DavidJalbert/TinyCarControllerAdvance using Guid(ce808d04422474e4296d4a850e5fec20) Importer(815301076,1909f56bfc062723c751e8b465ee728b)  -> (artifact id: '9e6feacfac66b3ae3f6289f99359cd17') in 0.021420 seconds 
========================================================================
Received Import Request.
  Time since last request: 0.000456 seconds.
  path: Assets/DavidJalbert/TinyCarControllerAdvance/Scripts/Core
  artifactKey: Guid(fc350a92831113445a41e67c183fdeee) Importer(815301076,1909f56bfc062723c751e8b465ee728b)
Start importing Assets/DavidJalbert/TinyCarControllerAdvance/Scripts/Core using Guid(fc350a92831113445a41e67c183fdeee) Importer(815301076,1909f56bfc062723c751e8b465ee728b)  -> (artifact id: '82922580b6e8d708c222e068c8b5b820') in 0.019150 seconds 
========================================================================
Received Import Request.
  Time since last request: 20.686505 seconds.
  path: Assets/DavidJalbert/TinyCarControllerAdvance/Examples
  artifactKey: Guid(82d31a02503019145963a5910d682093) Importer(815301076,1909f56bfc062723c751e8b465ee728b)
Start importing Assets/DavidJalbert/TinyCarControllerAdvance/Examples using Guid(82d31a02503019145963a5910d682093) Importer(815301076,1909f56bfc062723c751e8b465ee728b)  -> (artifact id: '662ab22e5bc8ec70cc3c34349f941c19') in 0.018216 seconds 
========================================================================
Received Import Request.
  Time since last request: 11.642418 seconds.
  path: Assets/DavidJalbert/TinyCarControllerAdvance/Examples/Prefabs
  artifactKey: Guid(af46d9fe84444124da5629ebb1ab5cb0) Importer(815301076,1909f56bfc062723c751e8b465ee728b)
Start importing Assets/DavidJalbert/TinyCarControllerAdvance/Examples/Prefabs using Guid(af46d9fe84444124da5629ebb1ab5cb0) Importer(815301076,1909f56bfc062723c751e8b465ee728b)  -> (artifact id: '7c8a52fb94689872bbecdd82c0dd687c') in 0.023797 seconds 
========================================================================
Received Import Request.
  Time since last request: 16.753510 seconds.
  path: Assets/DavidJalbert/TinyCarControllerAdvance/Examples/ExampleMinimal.unity
  artifactKey: Guid(9e94cb408095d2a4386821884b74d654) Importer(815301076,1909f56bfc062723c751e8b465ee728b)
Start importing Assets/DavidJalbert/TinyCarControllerAdvance/Examples/ExampleMinimal.unity using Guid(9e94cb408095d2a4386821884b74d654) Importer(815301076,1909f56bfc062723c751e8b465ee728b)  -> (artifact id: 'a2c3eddc2ff140a41675c6a3d8fe6ac5') in 0.035223 seconds 
========================================================================
Received Prepare
Registering precompiled user dll's ...
Registered in 0.020078 seconds.
Begin MonoManager ReloadAssembly
Native extension for WindowsStandalone target not found
Native extension for OSXStandalone target not found
Refreshing native plugins compatible for Editor in 0.87 ms, found 2 plugins.
Preloading 0 native plugins for Editor in 0.00 ms.
Mono: successfully reloaded assembly
- Completed reload, in  5.377 seconds
Domain Reload Profiling:
	ReloadAssembly (5379ms)
		BeginReloadAssembly (562ms)
			ExecutionOrderSort (0ms)
			DisableScriptedObjects (23ms)
			BackupInstance (0ms)
			ReleaseScriptingObjects (0ms)
			CreateAndSetChildDomain (142ms)
		EndReloadAssembly (4377ms)
			LoadAssemblies (533ms)
			RebuildTransferFunctionScriptingTraits (0ms)
			SetupTypeCache (1563ms)
			ReleaseScriptCaches (3ms)
			RebuildScriptCaches (238ms)
			SetupLoadedEditorAssemblies (1563ms)
				LogAssemblyErrors (0ms)
				InitializePlatformSupportModulesInManaged (36ms)
				SetLoadedEditorAssemblies (3ms)
				RefreshPlugins (1ms)
				BeforeProcessingInitializeOnLoad (264ms)
				ProcessInitializeOnLoadAttributes (1170ms)
				ProcessInitializeOnLoadMethodAttributes (50ms)
				AfterProcessingInitializeOnLoad (38ms)
				EditorAssembliesLoaded (1ms)
			ExecutionOrderSort2 (0ms)
			AwakeInstancesAfterBackupRestoration (35ms)
Platform modules already initialized, skipping
Refreshing native plugins compatible for Editor in 0.95 ms, found 2 plugins.
Preloading 0 native plugins for Editor in 0.00 ms.
Unloading 1506 Unused Serialized files (Serialized files now loaded: 0)
System memory in use before: 68.9 MB.
System memory in use after: 69.1 MB.

Unloading 11 unused Assets to reduce memory usage. Loaded Objects now: 1949.
Total: 9.327700 ms (FindLiveObjects: 0.364600 ms CreateObjectMapping: 0.102500 ms MarkObjects: 8.701500 ms  DeleteObjects: 0.153400 ms)

AssetImportParameters requested are different than current active one (requested -> active):
  custom:framework-win-MediaFoundation: 216162199b28c13a410421893ffa2e32 -> 
  custom:video-decoder-ogg-theora: a1e56fd34408186e4bbccfd4996cb3dc -> 
  custom:container-muxer-webm: aa71ff27fc2769a1b78a27578f13a17b -> 
  custom:container-demuxer-webm: 4f35f7cbe854078d1ac9338744f61a02 -> 
  custom:container-demuxer-ogg: 62fdf1f143b41e24485cea50d1cbac27 -> 
  custom:video-encoder-webm-vp8: eb34c28f22e8b96e1ab97ce403110664 -> 
  custom:video-decoder-webm-vp8: 9c59270c3fd7afecdb556c50c9e8de78 -> 
  custom:audio-decoder-ogg-vorbis: bf7c407c2cedff20999df2af8eb42d56 -> 
  custom:audio-encoder-webm-vorbis: bf7c407c2cedff20999df2af8eb42d56 -> 
========================================================================
Received Import Request.
  Time since last request: 197.156152 seconds.
  path: Assets/DavidJalbert/TinyCarControllerAdvance/Examples/ExampleSandbox.unity
  artifactKey: Guid(5e05166089fe5754098ffc2f08832fc2) Importer(815301076,1909f56bfc062723c751e8b465ee728b)
Start importing Assets/DavidJalbert/TinyCarControllerAdvance/Examples/ExampleSandbox.unity using Guid(5e05166089fe5754098ffc2f08832fc2) Importer(815301076,1909f56bfc062723c751e8b465ee728b)  -> (artifact id: '9291de1e5738bd280715c92d6a4a4d5b') in 0.053980 seconds 
========================================================================
Received Prepare
Registering precompiled user dll's ...
Registered in 0.057102 seconds.
Begin MonoManager ReloadAssembly
Native extension for WindowsStandalone target not found
Native extension for OSXStandalone target not found
Refreshing native plugins compatible for Editor in 3.95 ms, found 2 plugins.
Preloading 0 native plugins for Editor in 0.00 ms.
Mono: successfully reloaded assembly
- Completed reload, in 13.958 seconds
Domain Reload Profiling:
	ReloadAssembly (13962ms)
		BeginReloadAssembly (1513ms)
			ExecutionOrderSort (0ms)
			DisableScriptedObjects (64ms)
			BackupInstance (0ms)
			ReleaseScriptingObjects (0ms)
			CreateAndSetChildDomain (294ms)
		EndReloadAssembly (11108ms)
			LoadAssemblies (2471ms)
			RebuildTransferFunctionScriptingTraits (0ms)
			SetupTypeCache (5723ms)
			ReleaseScriptCaches (5ms)
			RebuildScriptCaches (502ms)
			SetupLoadedEditorAssemblies (1692ms)
				LogAssemblyErrors (0ms)
				InitializePlatformSupportModulesInManaged (70ms)
				SetLoadedEditorAssemblies (5ms)
				RefreshPlugins (5ms)
				BeforeProcessingInitializeOnLoad (595ms)
				ProcessInitializeOnLoadAttributes (978ms)
				ProcessInitializeOnLoadMethodAttributes (24ms)
				AfterProcessingInitializeOnLoad (15ms)
				EditorAssembliesLoaded (1ms)
			ExecutionOrderSort2 (0ms)
			AwakeInstancesAfterBackupRestoration (13ms)
Platform modules already initialized, skipping
Refreshing native plugins compatible for Editor in 0.88 ms, found 2 plugins.
Preloading 0 native plugins for Editor in 0.00 ms.
Unloading 1506 Unused Serialized files (Serialized files now loaded: 0)
System memory in use before: 69.0 MB.
System memory in use after: 69.1 MB.

Unloading 11 unused Assets to reduce memory usage. Loaded Objects now: 1951.
Total: 4.982800 ms (FindLiveObjects: 0.203000 ms CreateObjectMapping: 0.056500 ms MarkObjects: 4.688300 ms  DeleteObjects: 0.032800 ms)

AssetImportParameters requested are different than current active one (requested -> active):
  custom:framework-win-MediaFoundation: 216162199b28c13a410421893ffa2e32 -> 
  custom:video-decoder-ogg-theora: a1e56fd34408186e4bbccfd4996cb3dc -> 
  custom:container-muxer-webm: aa71ff27fc2769a1b78a27578f13a17b -> 
  custom:container-demuxer-webm: 4f35f7cbe854078d1ac9338744f61a02 -> 
  custom:container-demuxer-ogg: 62fdf1f143b41e24485cea50d1cbac27 -> 
  custom:video-encoder-webm-vp8: eb34c28f22e8b96e1ab97ce403110664 -> 
  custom:video-decoder-webm-vp8: 9c59270c3fd7afecdb556c50c9e8de78 -> 
  custom:audio-decoder-ogg-vorbis: bf7c407c2cedff20999df2af8eb42d56 -> 
  custom:audio-encoder-webm-vorbis: bf7c407c2cedff20999df2af8eb42d56 -> 
AssetImportWorkerClient::OnTransportError - code=2 error=End of file
